2019-10-28T14:30:30.993Z - normal: Load ~/.CocosCreator/settings.json
2019-10-28T14:30:33.245Z - normal: Initializing Asset Database
2019-10-28T14:30:33.250Z - normal: checking language setting...
2019-10-28T14:30:33.250Z - normal: Language: zh
2019-10-28T14:30:36.349Z - success: preview server running at http://localhost:7456
2019-10-28T14:30:36.352Z - success: protocol editor-framework registered
2019-10-28T14:30:36.352Z - success: protocol app registered
2019-10-28T14:30:36.352Z - success: protocol theme registered
2019-10-28T14:30:36.352Z - success: protocol packages registered
2019-10-28T14:30:36.353Z - success: protocol uuid registerred
2019-10-28T14:30:36.353Z - success: protocol db registerred
2019-10-28T14:30:36.353Z - success: protocol thumbnail registerred
2019-10-28T14:30:36.353Z - success: protocol unpack registerred
2019-10-28T14:30:36.353Z - success: protocol disable-commonjs registerred
2019-10-28T14:30:36.655Z - normal: connected!
2019-10-28T14:30:36.657Z - normal: Check project F:\new2048\new2048
2019-10-28T14:30:36.662Z - normal: Initializing project F:\new2048\new2048
2019-10-28T14:30:37.685Z - normal: Initializing Cocos2d
2019-10-28T14:30:40.135Z - normal: Initializing engine extends
2019-10-28T14:30:40.596Z - success: asset-db-debugger loaded
2019-10-28T14:30:40.600Z - success: baidu-adapter loaded
2019-10-28T14:30:40.603Z - success: color-picker loaded
2019-10-28T14:30:40.912Z - success: fb-audience-network loaded
2019-10-28T14:30:41.068Z - success: fb-live-stream loaded
2019-10-28T14:30:41.080Z - success: google-play-instant loaded
2019-10-28T14:30:41.121Z - success: huawei-runtime loaded
2019-10-28T14:30:43.057Z - success: cpk-publish loaded
2019-10-28T14:30:43.058Z - success: jsb-adapter loaded
2019-10-28T14:30:43.117Z - success: oppo-runtime loaded
2019-10-28T14:30:43.146Z - success: package-manager loaded
2019-10-28T14:30:43.746Z - success: qqplay-adapter loaded
2019-10-28T14:30:43.750Z - success: runtime-dev-tools loaded
2019-10-28T14:30:43.771Z - success: sdkbox loaded
2019-10-28T14:30:43.781Z - success: tester loaded
2019-10-28T14:30:43.787Z - success: ui-grid loaded
2019-10-28T14:30:43.797Z - success: ui-kit-preview-extra loaded
2019-10-28T14:30:43.809Z - success: ui-kit-preview loaded
2019-10-28T14:30:43.811Z - success: ui-kit loaded
2019-10-28T14:30:43.817Z - success: ui-tree loaded
2019-10-28T14:30:43.852Z - success: vivo-runtime loaded
2019-10-28T14:30:43.853Z - success: weapp-adapter loaded
2019-10-28T14:30:43.870Z - success: xiaomi-adapter loaded
2019-10-28T14:30:43.955Z - success: assets loaded
2019-10-28T14:30:43.960Z - success: builder loaded
2019-10-28T14:30:44.813Z - success: cocos-services loaded
2019-10-28T14:30:44.822Z - success: console loaded
2019-10-28T14:30:44.865Z - success: fb-instant-games loaded
2019-10-28T14:30:44.868Z - success: google-instant-games loaded
2019-10-28T14:30:44.877Z - success: hierarchy loaded
2019-10-28T14:30:44.882Z - success: inspector loaded
2019-10-28T14:30:44.884Z - success: keystore loaded
2019-10-28T14:30:44.895Z - success: node-library loaded
2019-10-28T14:30:44.898Z - success: package-asset loaded
2019-10-28T14:30:44.901Z - success: preferences loaded
2019-10-28T14:30:44.904Z - success: project-exporter loaded
2019-10-28T14:30:44.908Z - success: project-importer loaded
2019-10-28T14:30:44.911Z - success: project-settings loaded
2019-10-28T14:30:44.918Z - success: scene loaded
2019-10-28T14:30:44.921Z - success: simulator-debugger loaded
2019-10-28T14:30:44.923Z - success: sprite-editor loaded
2019-10-28T14:30:44.933Z - success: store loaded
2019-10-28T14:30:44.940Z - success: timeline loaded
2019-10-28T14:30:44.953Z - success: xiaomi-runtime loaded
2019-10-28T14:30:49.857Z - normal: Loading packages
2019-10-28T14:30:49.869Z - normal: Watching packages
2019-10-28T14:30:50.732Z - info: Cocos Services load base data!
2019-10-28T14:30:51.343Z - normal: Run Application
2019-10-28T14:48:51.280Z - info: shutdown preview server
